<?xml version="1.0" encoding="UTF-8"?>
<testng-results ignored="0" total="1" passed="1" failed="0" skipped="0">
  <reporter-output>
  </reporter-output>
  <suite started-at="2023-07-26T07:26:25 GMT-07:00" name="Default suite" finished-at="2023-07-26T07:26:25 GMT-07:00" duration-ms="87">
    <groups>
    </groups>
    <test started-at="2023-07-26T07:26:25 GMT-07:00" name="Default test" finished-at="2023-07-26T07:26:25 GMT-07:00" duration-ms="87">
      <class name="com.examples.Example1">
        <test-method signature="demo()[pri:0, instance:com.examples.Example1@7133da86]" started-at="2023-07-26T07:26:25 GMT-07:00" name="demo" finished-at="2023-07-26T07:26:25 GMT-07:00" duration-ms="14" status="PASS">
          <reporter-output>
          </reporter-output>
        </test-method> <!-- demo -->
      </class> <!-- com.examples.Example1 -->
    </test> <!-- Default test -->
  </suite> <!-- Default suite -->
</testng-results>
