<?xml version="1.0" encoding="UTF-8"?>
<!-- Generated by org.testng.reporters.JUnitXMLReporter -->
<testsuite ignored="0" hostname="DESKTOP-44DROKL" failures="0" tests="3" name="Document" time="6.626" errors="0" timestamp="2023-07-26T09:34:45 GMT-07:00">
  <testcase classname="com.ERPFunctions.ERP_Element" name="Browserlaunch" time="6.5"/>
  <testcase classname="com.ERPFunctions.ERP_Element" name="functionlity1" time="0.007"/>
  <testcase classname="com.ERPFunctions.ERP_Element" name="functionlity2" time="0.004"/>
</testsuite> <!-- Document -->
