<?xml version="1.0" encoding="UTF-8"?>
<!-- Generated by org.testng.reporters.JUnitXMLReporter -->
<testsuite ignored="0" hostname="DESKTOP-44DROKL" failures="0" tests="3" name="TestNGDemo" time="7.639" errors="0" timestamp="2023-07-26T09:34:46 GMT-07:00">
  <testcase classname="com.ERP.ERP_Virdhee" name="Setup" time="7.557"/>
  <testcase classname="com.ERP.ERP_Virdhee" name="workspace1" time="0.002"/>
  <testcase classname="com.ERP.ERP_Virdhee" name="workspace2" time="0.001"/>
</testsuite> <!-- TestNGDemo -->
