<?xml version="1.0" encoding="UTF-8"?>
<testng-results ignored="0" total="1" passed="1" failed="0" skipped="0">
  <reporter-output>
  </reporter-output>
  <suite started-at="2023-07-26T04:45:16 GMT-07:00" name="Default suite" finished-at="2023-07-26T04:45:16 GMT-07:00" duration-ms="99">
    <groups>
    </groups>
    <test started-at="2023-07-26T04:45:16 GMT-07:00" name="Default test" finished-at="2023-07-26T04:45:16 GMT-07:00" duration-ms="99">
      <class name="com.examples.TestProgram">
        <test-method signature="method()[pri:0, instance:com.examples.TestProgram@188715b5]" started-at="2023-07-26T04:45:16 GMT-07:00" name="method" finished-at="2023-07-26T04:45:16 GMT-07:00" duration-ms="19" status="PASS">
          <reporter-output>
          </reporter-output>
        </test-method> <!-- method -->
      </class> <!-- com.examples.TestProgram -->
    </test> <!-- Default test -->
  </suite> <!-- Default suite -->
</testng-results>
