<?xml version="1.0" encoding="UTF-8"?>
<!-- Generated by org.testng.reporters.JUnitXMLReporter -->
<testsuite ignored="0" hostname="DESKTOP-44DROKL" failures="0" tests="3" name="Default test" time="5.144" errors="0" timestamp="2023-07-26T09:34:24 GMT-07:00">
  <testcase classname="com.ERP.ERP_Virdhee" name="Setup" time="5.032"/>
  <testcase classname="com.ERP.ERP_Virdhee" name="workspace1" time="0.002"/>
  <testcase classname="com.ERP.ERP_Virdhee" name="workspace2" time="0.003"/>
</testsuite> <!-- Default test -->
