<?xml version="1.0" encoding="UTF-8"?>
<testng-results ignored="0" total="6" passed="6" failed="0" skipped="0">
  <reporter-output>
  </reporter-output>
  <suite started-at="2023-07-26T09:34:38 GMT-07:00" name="BasicHTMLFile" finished-at="2023-07-26T09:34:46 GMT-07:00" duration-ms="7639">
    <groups>
    </groups>
    <test started-at="2023-07-26T09:34:38 GMT-07:00" name="Document" finished-at="2023-07-26T09:34:45 GMT-07:00" duration-ms="6626">
      <class name="com.ERPFunctions.ERP_Element">
        <test-method signature="Browserlaunch()[pri:0, instance:com.ERPFunctions.ERP_Element@82de64a]" started-at="2023-07-26T09:34:38 GMT-07:00" name="Browserlaunch" finished-at="2023-07-26T09:34:45 GMT-07:00" duration-ms="6500" status="PASS">
          <reporter-output>
          </reporter-output>
        </test-method> <!-- Browserlaunch -->
        <test-method signature="functionlity1()[pri:0, instance:com.ERPFunctions.ERP_Element@82de64a]" started-at="2023-07-26T09:34:45 GMT-07:00" name="functionlity1" finished-at="2023-07-26T09:34:45 GMT-07:00" duration-ms="7" status="PASS">
          <reporter-output>
          </reporter-output>
        </test-method> <!-- functionlity1 -->
        <test-method signature="functionlity2()[pri:0, instance:com.ERPFunctions.ERP_Element@82de64a]" started-at="2023-07-26T09:34:45 GMT-07:00" name="functionlity2" finished-at="2023-07-26T09:34:45 GMT-07:00" duration-ms="4" status="PASS">
          <reporter-output>
          </reporter-output>
        </test-method> <!-- functionlity2 -->
      </class> <!-- com.ERPFunctions.ERP_Element -->
    </test> <!-- Document -->
    <test started-at="2023-07-26T09:34:38 GMT-07:00" name="TestNGDemo" finished-at="2023-07-26T09:34:46 GMT-07:00" duration-ms="7639">
      <class name="com.ERP.ERP_Virdhee">
        <test-method signature="Setup()[pri:0, instance:com.ERP.ERP_Virdhee@3d6f0054]" started-at="2023-07-26T09:34:38 GMT-07:00" name="Setup" finished-at="2023-07-26T09:34:46 GMT-07:00" duration-ms="7557" status="PASS">
          <reporter-output>
          </reporter-output>
        </test-method> <!-- Setup -->
        <test-method signature="workspace1()[pri:0, instance:com.ERP.ERP_Virdhee@3d6f0054]" started-at="2023-07-26T09:34:46 GMT-07:00" name="workspace1" finished-at="2023-07-26T09:34:46 GMT-07:00" duration-ms="2" status="PASS">
          <reporter-output>
          </reporter-output>
        </test-method> <!-- workspace1 -->
        <test-method signature="workspace2()[pri:0, instance:com.ERP.ERP_Virdhee@3d6f0054]" started-at="2023-07-26T09:34:46 GMT-07:00" name="workspace2" finished-at="2023-07-26T09:34:46 GMT-07:00" duration-ms="1" status="PASS">
          <reporter-output>
          </reporter-output>
        </test-method> <!-- workspace2 -->
      </class> <!-- com.ERP.ERP_Virdhee -->
    </test> <!-- TestNGDemo -->
  </suite> <!-- BasicHTMLFile -->
</testng-results>
